<?xml version="1.0" encoding="UTF-8"?>
<!-- Generated by org.testng.reporters.JUnitReportReporter -->
<testsuite hostname="NCA1026471" name="com.test.framework.test1.testngtest" tests="1" failures="0" timestamp="15 Sep 2016 23:48:53 GMT" time="46.018" errors="1">
  <testcase name="searchfilter_make" time="46.018" classname="com.test.framework.test1.testngtest">
    <error type="org.openqa.selenium.WebDriverException" message="Failed to connect to binary FirefoxBinary(C:\Program Files\Mozilla Firefox\firefox.exe) on port 7055; process output follows: 
DEBUG	getModTime: Recursive scan of {972ce4c6-7e08-4474-a285-3208198ce6fd}
1473983288675	DeferredSave.extensions.json	DEBUG	Save changes
1473983288675	addons.xpi	DEBUG	Updating database with changes to installed add-ons
1473983288675	addons.xpi-utils	DEBUG	Updating add-on states
1473983288675	addons.xpi-utils	DEBUG	Writing add-ons list
1473983288678	addons.xpi	DEBUG	Registering manifest for C:\Program Files\Mozilla Firefox\browser\features\e10srollout@mozilla.org.xpi
1473983288678	addons.xpi	DEBUG	Calling bootstrap method startup on e10srollout@mozilla.org version 1.1
1473983288678	addons.xpi	DEBUG	Registering manifest for C:\Program Files\Mozilla Firefox\browser\features\firefox@getpocket.com.xpi
1473983288678	addons.xpi	DEBUG	Calling bootstrap method startup on firefox@getpocket.com version 1.0.4
1473983288679	addons.xpi	DEBUG	Registering manifest for C:\Program Files\Mozilla Firefox\browser\features\loop@mozilla.org.xpi
1473983288679	addons.xpi	DEBUG	Calling bootstrap method startup on loop@mozilla.org version 1.4.4
1473983288692	addons.manager	DEBUG	Registering shutdown blocker for XPIProvider
1473983288693	addons.manager	DEBUG	Provider finished startup: XPIProvider
1473983288693	addons.manager	DEBUG	Starting provider: LightweightThemeManager
1473983288693	addons.manager	DEBUG	Registering shutdown blocker for LightweightThemeManager
1473983288693	addons.manager	DEBUG	Provider finished startup: LightweightThemeManager
1473983288693	addons.manager	DEBUG	Starting provider: GMPProvider
1473983288698	addons.manager	DEBUG	Registering shutdown blocker for GMPProvider
1473983288698	addons.manager	DEBUG	Provider finished startup: GMPProvider
1473983288698	addons.manager	DEBUG	Starting provider: PluginProvider
1473983288698	addons.manager	DEBUG	Registering shutdown blocker for PluginProvider
1473983288698	addons.manager	DEBUG	Provider finished startup: PluginProvider
1473983288698	addons.manager	DEBUG	Completed startup sequence
1473983289028	addons.manager	DEBUG	Starting provider: &lt;unnamed-provider&gt;
1473983289028	addons.manager	DEBUG	Registering shutdown blocker for &lt;unnamed-provider&gt;
1473983289028	addons.manager	DEBUG	Provider finished startup: &lt;unnamed-provider&gt;
1473983289029	DeferredSave.extensions.json	DEBUG	Starting write
1473983289258	addons.repository	DEBUG	No addons.json found.
1473983289259	DeferredSave.addons.json	DEBUG	Save changes
1473983289262	DeferredSave.addons.json	DEBUG	Starting timer
1473983289299	addons.manager	DEBUG	Starting provider: PreviousExperimentProvider
1473983289299	addons.manager	DEBUG	Registering shutdown blocker for PreviousExperimentProvider
1473983289299	addons.manager	DEBUG	Provider finished startup: PreviousExperimentProvider
1473983289301	DeferredSave.extensions.json	DEBUG	Write succeeded
1473983289301	addons.xpi-utils	DEBUG	XPI Database saved, setting schema version preference to 17
1473983289328	DeferredSave.addons.json	DEBUG	Starting write
1473983289387	DeferredSave.addons.json	DEBUG	Write succeeded
1473983293993	addons.xpi	DEBUG	Calling bootstrap method shutdown on e10srollout@mozilla.org version 1.1
1473983293993	addons.xpi	DEBUG	Calling bootstrap method shutdown on firefox@getpocket.com version 1.0.4
1473983293993	addons.xpi	DEBUG	Calling bootstrap method shutdown on loop@mozilla.org version 1.4.4
1473983294138	addons.manager	DEBUG	shutdown
1473983294139	addons.manager	DEBUG	Calling shutdown blocker for XPIProvider
1473983294139	addons.xpi	DEBUG	shutdown
1473983294139	addons.xpi-utils	DEBUG	shutdown
1473983294139	addons.manager	DEBUG	Calling shutdown blocker for LightweightThemeManager
1473983294139	addons.manager	DEBUG	Calling shutdown blocker for GMPProvider
1473983294141	addons.manager	DEBUG	Calling shutdown blocker for PluginProvider
1473983294141	addons.manager	DEBUG	Calling shutdown blocker for &lt;unnamed-provider&gt;
1473983294142	addons.manager	DEBUG	Calling shutdown blocker for PreviousExperimentProvider
1473983294144	addons.xpi	DEBUG	Notifying XPI shutdown observers
1473983294145	addons.manager	DEBUG	Async provider shutdown done

Build info: version: &#039;2.53.0&#039;, revision: &#039;35ae25b1534ae328c771e0856c93e187490ca824&#039;, time: &#039;2016-03-15 10:43:46&#039;
System info: host: &#039;NCA1026471&#039;, ip: &#039;192.168.56.1&#039;, os.name: &#039;Windows 7&#039;, os.arch: &#039;amd64&#039;, os.version: &#039;6.1&#039;, java.version: &#039;1.8.0_91&#039;
Driver info: driver.version: FirefoxDriver">
      <![CDATA[org.openqa.selenium.WebDriverException: Failed to connect to binary FirefoxBinary(C:\Program Files\Mozilla Firefox\firefox.exe) on port 7055; process output follows: 
DEBUG	getModTime: Recursive scan of {972ce4c6-7e08-4474-a285-3208198ce6fd}
1473983288675	DeferredSave.extensions.json	DEBUG	Save changes
1473983288675	addons.xpi	DEBUG	Updating database with changes to installed add-ons
1473983288675	addons.xpi-utils	DEBUG	Updating add-on states
1473983288675	addons.xpi-utils	DEBUG	Writing add-ons list
1473983288678	addons.xpi	DEBUG	Registering manifest for C:\Program Files\Mozilla Firefox\browser\features\e10srollout@mozilla.org.xpi
1473983288678	addons.xpi	DEBUG	Calling bootstrap method startup on e10srollout@mozilla.org version 1.1
1473983288678	addons.xpi	DEBUG	Registering manifest for C:\Program Files\Mozilla Firefox\browser\features\firefox@getpocket.com.xpi
1473983288678	addons.xpi	DEBUG	Calling bootstrap method startup on firefox@getpocket.com version 1.0.4
1473983288679	addons.xpi	DEBUG	Registering manifest for C:\Program Files\Mozilla Firefox\browser\features\loop@mozilla.org.xpi
1473983288679	addons.xpi	DEBUG	Calling bootstrap method startup on loop@mozilla.org version 1.4.4
1473983288692	addons.manager	DEBUG	Registering shutdown blocker for XPIProvider
1473983288693	addons.manager	DEBUG	Provider finished startup: XPIProvider
1473983288693	addons.manager	DEBUG	Starting provider: LightweightThemeManager
1473983288693	addons.manager	DEBUG	Registering shutdown blocker for LightweightThemeManager
1473983288693	addons.manager	DEBUG	Provider finished startup: LightweightThemeManager
1473983288693	addons.manager	DEBUG	Starting provider: GMPProvider
1473983288698	addons.manager	DEBUG	Registering shutdown blocker for GMPProvider
1473983288698	addons.manager	DEBUG	Provider finished startup: GMPProvider
1473983288698	addons.manager	DEBUG	Starting provider: PluginProvider
1473983288698	addons.manager	DEBUG	Registering shutdown blocker for PluginProvider
1473983288698	addons.manager	DEBUG	Provider finished startup: PluginProvider
1473983288698	addons.manager	DEBUG	Completed startup sequence
1473983289028	addons.manager	DEBUG	Starting provider: <unnamed-provider>
1473983289028	addons.manager	DEBUG	Registering shutdown blocker for <unnamed-provider>
1473983289028	addons.manager	DEBUG	Provider finished startup: <unnamed-provider>
1473983289029	DeferredSave.extensions.json	DEBUG	Starting write
1473983289258	addons.repository	DEBUG	No addons.json found.
1473983289259	DeferredSave.addons.json	DEBUG	Save changes
1473983289262	DeferredSave.addons.json	DEBUG	Starting timer
1473983289299	addons.manager	DEBUG	Starting provider: PreviousExperimentProvider
1473983289299	addons.manager	DEBUG	Registering shutdown blocker for PreviousExperimentProvider
1473983289299	addons.manager	DEBUG	Provider finished startup: PreviousExperimentProvider
1473983289301	DeferredSave.extensions.json	DEBUG	Write succeeded
1473983289301	addons.xpi-utils	DEBUG	XPI Database saved, setting schema version preference to 17
1473983289328	DeferredSave.addons.json	DEBUG	Starting write
1473983289387	DeferredSave.addons.json	DEBUG	Write succeeded
1473983293993	addons.xpi	DEBUG	Calling bootstrap method shutdown on e10srollout@mozilla.org version 1.1
1473983293993	addons.xpi	DEBUG	Calling bootstrap method shutdown on firefox@getpocket.com version 1.0.4
1473983293993	addons.xpi	DEBUG	Calling bootstrap method shutdown on loop@mozilla.org version 1.4.4
1473983294138	addons.manager	DEBUG	shutdown
1473983294139	addons.manager	DEBUG	Calling shutdown blocker for XPIProvider
1473983294139	addons.xpi	DEBUG	shutdown
1473983294139	addons.xpi-utils	DEBUG	shutdown
1473983294139	addons.manager	DEBUG	Calling shutdown blocker for LightweightThemeManager
1473983294139	addons.manager	DEBUG	Calling shutdown blocker for GMPProvider
1473983294141	addons.manager	DEBUG	Calling shutdown blocker for PluginProvider
1473983294141	addons.manager	DEBUG	Calling shutdown blocker for <unnamed-provider>
1473983294142	addons.manager	DEBUG	Calling shutdown blocker for PreviousExperimentProvider
1473983294144	addons.xpi	DEBUG	Notifying XPI shutdown observers
1473983294145	addons.manager	DEBUG	Async provider shutdown done

Build info: version: '2.53.0', revision: '35ae25b1534ae328c771e0856c93e187490ca824', time: '2016-03-15 10:43:46'
System info: host: 'NCA1026471', ip: '192.168.56.1', os.name: 'Windows 7', os.arch: 'amd64', os.version: '6.1', java.version: '1.8.0_91'
Driver info: driver.version: FirefoxDriver
	at org.openqa.selenium.firefox.internal.NewProfileExtensionConnection.start(NewProfileExtensionConnection.java:125)
	at org.openqa.selenium.firefox.FirefoxDriver.startClient(FirefoxDriver.java:271)
	at org.openqa.selenium.remote.RemoteWebDriver.<init>(RemoteWebDriver.java:119)
	at org.openqa.selenium.firefox.FirefoxDriver.<init>(FirefoxDriver.java:216)
	at org.openqa.selenium.firefox.FirefoxDriver.<init>(FirefoxDriver.java:211)
	at org.openqa.selenium.firefox.FirefoxDriver.<init>(FirefoxDriver.java:207)
	at org.openqa.selenium.firefox.FirefoxDriver.<init>(FirefoxDriver.java:120)
	at com.test.framework.test1.testngtest.searchfilter_make(testngtest.java:18)
	at sun.reflect.NativeMethodAccessorImpl.invoke0(Native Method)
	at sun.reflect.NativeMethodAccessorImpl.invoke(Unknown Source)
	at sun.reflect.DelegatingMethodAccessorImpl.invoke(Unknown Source)
	at java.lang.reflect.Method.invoke(Unknown Source)
	at org.testng.internal.MethodInvocationHelper.invokeMethod(MethodInvocationHelper.java:86)
	at org.testng.internal.Invoker.invokeMethod(Invoker.java:646)
	at org.testng.internal.Invoker.invokeTestMethod(Invoker.java:823)
	at org.testng.internal.Invoker.invokeTestMethods(Invoker.java:1131)
	at org.testng.internal.TestMethodWorker.invokeTestMethods(TestMethodWorker.java:129)
	at org.testng.internal.TestMethodWorker.run(TestMethodWorker.java:112)
	at org.testng.TestRunner.privateRun(TestRunner.java:778)
	at org.testng.TestRunner.run(TestRunner.java:632)
	at org.testng.SuiteRunner.runTest(SuiteRunner.java:366)
	at org.testng.SuiteRunner.runSequentially(SuiteRunner.java:361)
	at org.testng.SuiteRunner.privateRun(SuiteRunner.java:319)
	at org.testng.SuiteRunner.run(SuiteRunner.java:268)
	at org.testng.SuiteRunnerWorker.runSuite(SuiteRunnerWorker.java:52)
	at org.testng.SuiteRunnerWorker.run(SuiteRunnerWorker.java:86)
	at org.testng.TestNG.runSuitesSequentially(TestNG.java:1225)
	at org.testng.TestNG.runSuitesLocally(TestNG.java:1150)
	at org.testng.TestNG.runSuites(TestNG.java:1075)
	at org.testng.TestNG.run(TestNG.java:1047)
	at org.testng.remote.AbstractRemoteTestNG.run(AbstractRemoteTestNG.java:126)
	at org.testng.remote.RemoteTestNG.initAndRun(RemoteTestNG.java:137)
	at org.testng.remote.RemoteTestNG.main(RemoteTestNG.java:58)
Caused by: org.openqa.selenium.firefox.NotConnectedException: Unable to connect to host 127.0.0.1 on port 7055 after 45000 ms. Firefox console output:
DEBUG	getModTime: Recursive scan of {972ce4c6-7e08-4474-a285-3208198ce6fd}
1473983288675	DeferredSave.extensions.json	DEBUG	Save changes
1473983288675	addons.xpi	DEBUG	Updating database with changes to installed add-ons
1473983288675	addons.xpi-utils	DEBUG	Updating add-on states
1473983288675	addons.xpi-utils	DEBUG	Writing add-ons list
1473983288678	addons.xpi	DEBUG	Registering manifest for C:\Program Files\Mozilla Firefox\browser\features\e10srollout@mozilla.org.xpi
1473983288678	addons.xpi	DEBUG	Calling bootstrap method startup on e10srollout@mozilla.org version 1.1
1473983288678	addons.xpi	DEBUG	Registering manifest for C:\Program Files\Mozilla Firefox\browser\features\firefox@getpocket.com.xpi
1473983288678	addons.xpi	DEBUG	Calling bootstrap method startup on firefox@getpocket.com version 1.0.4
1473983288679	addons.xpi	DEBUG	Registering manifest for C:\Program Files\Mozilla Firefox\browser\features\loop@mozilla.org.xpi
1473983288679	addons.xpi	DEBUG	Calling bootstrap method startup on loop@mozilla.org version 1.4.4
1473983288692	addons.manager	DEBUG	Registering shutdown blocker for XPIProvider
1473983288693	addons.manager	DEBUG	Provider finished startup: XPIProvider
1473983288693	addons.manager	DEBUG	Starting provider: LightweightThemeManager
1473983288693	addons.manager	DEBUG	Registering shutdown blocker for LightweightThemeManager
1473983288693	addons.manager	DEBUG	Provider finished startup: LightweightThemeManager
1473983288693	addons.manager	DEBUG	Starting provider: GMPProvider
1473983288698	addons.manager	DEBUG	Registering shutdown blocker for GMPProvider
1473983288698	addons.manager	DEBUG	Provider finished startup: GMPProvider
1473983288698	addons.manager	DEBUG	Starting provider: PluginProvider
1473983288698	addons.manager	DEBUG	Registering shutdown blocker for PluginProvider
1473983288698	addons.manager	DEBUG	Provider finished startup: PluginProvider
1473983288698	addons.manager	DEBUG	Completed startup sequence
1473983289028	addons.manager	DEBUG	Starting provider: <unnamed-provider>
1473983289028	addons.manager	DEBUG	Registering shutdown blocker for <unnamed-provider>
1473983289028	addons.manager	DEBUG	Provider finished startup: <unnamed-provider>
1473983289029	DeferredSave.extensions.json	DEBUG	Starting write
1473983289258	addons.repository	DEBUG	No addons.json found.
1473983289259	DeferredSave.addons.json	DEBUG	Save changes
1473983289262	DeferredSave.addons.json	DEBUG	Starting timer
1473983289299	addons.manager	DEBUG	Starting provider: PreviousExperimentProvider
1473983289299	addons.manager	DEBUG	Registering shutdown blocker for PreviousExperimentProvider
1473983289299	addons.manager	DEBUG	Provider finished startup: PreviousExperimentProvider
1473983289301	DeferredSave.extensions.json	DEBUG	Write succeeded
1473983289301	addons.xpi-utils	DEBUG	XPI Database saved, setting schema version preference to 17
1473983289328	DeferredSave.addons.json	DEBUG	Starting write
1473983289387	DeferredSave.addons.json	DEBUG	Write succeeded
1473983293993	addons.xpi	DEBUG	Calling bootstrap method shutdown on e10srollout@mozilla.org version 1.1
1473983293993	addons.xpi	DEBUG	Calling bootstrap method shutdown on firefox@getpocket.com version 1.0.4
1473983293993	addons.xpi	DEBUG	Calling bootstrap method shutdown on loop@mozilla.org version 1.4.4
1473983294138	addons.manager	DEBUG	shutdown
1473983294139	addons.manager	DEBUG	Calling shutdown blocker for XPIProvider
1473983294139	addons.xpi	DEBUG	shutdown
1473983294139	addons.xpi-utils	DEBUG	shutdown
1473983294139	addons.manager	DEBUG	Calling shutdown blocker for LightweightThemeManager
1473983294139	addons.manager	DEBUG	Calling shutdown blocker for GMPProvider
1473983294141	addons.manager	DEBUG	Calling shutdown blocker for PluginProvider
1473983294141	addons.manager	DEBUG	Calling shutdown blocker for <unnamed-provider>
1473983294142	addons.manager	DEBUG	Calling shutdown blocker for PreviousExperimentProvider
1473983294144	addons.xpi	DEBUG	Notifying XPI shutdown observers
1473983294145	addons.manager	DEBUG	Async provider shutdown done

	at org.openqa.selenium.firefox.internal.NewProfileExtensionConnection.start(NewProfileExtensionConnection.java:113)
	... 32 more
]]>
    </error>
  </testcase> <!-- searchfilter_make -->
</testsuite> <!-- com.test.framework.test1.testngtest -->
